Using pre-set license
Built from '2022.3/staging' branch; Version is '2022.3.1f1 (f18e0c1b5784) revision 15830540'; Using compiler version '192829333'; Build Type 'Release'
OS: 'Windows 11  (10.0.23516) 64bit Professional' Language: 'en' Physical Memory: 16253 MB
BatchMode: 1, IsHumanControllingUs: 0, StartBugReporterOnCrash: 0, Is64bit: 1, IsPro: 1

COMMAND LINE ARGUMENTS:
C:\Program Files\Unity\Hub\Editor\2022.3.1f1\Editor\Unity.exe
-adb2
-batchMode
-noUpm
-name
AssetImportWorker3
-projectPath
C:/Projects/Unity Git Projects/Multiplayer-Mobile-Strategy-Game-Case/Multiplayer Mobile Prototype Project
-logFile
Logs/AssetImportWorker3.log
-srvPort
56159
Successfully changed project path to: C:/Projects/Unity Git Projects/Multiplayer-Mobile-Strategy-Game-Case/Multiplayer Mobile Prototype Project
C:/Projects/Unity Git Projects/Multiplayer-Mobile-Strategy-Game-Case/Multiplayer Mobile Prototype Project
[UnityMemory] Configuration Parameters - Can be set up in boot.config
    "memorysetup-bucket-allocator-granularity=16"
    "memorysetup-bucket-allocator-bucket-count=8"
    "memorysetup-bucket-allocator-block-size=33554432"
    "memorysetup-bucket-allocator-block-count=8"
    "memorysetup-main-allocator-block-size=16777216"
    "memorysetup-thread-allocator-block-size=16777216"
    "memorysetup-gfx-main-allocator-block-size=16777216"
    "memorysetup-gfx-thread-allocator-block-size=16777216"
    "memorysetup-cache-allocator-block-size=4194304"
    "memorysetup-typetree-allocator-block-size=2097152"
    "memorysetup-profiler-bucket-allocator-granularity=16"
    "memorysetup-profiler-bucket-allocator-bucket-count=8"
    "memorysetup-profiler-bucket-allocator-block-size=33554432"
    "memorysetup-profiler-bucket-allocator-block-count=8"
    "memorysetup-profiler-allocator-block-size=16777216"
    "memorysetup-profiler-editor-allocator-block-size=1048576"
    "memorysetup-temp-allocator-size-main=16777216"
    "memorysetup-job-temp-allocator-block-size=2097152"
    "memorysetup-job-temp-allocator-block-size-background=1048576"
    "memorysetup-job-temp-allocator-reduction-small-platforms=262144"
    "memorysetup-allocator-temp-initial-block-size-main=262144"
    "memorysetup-allocator-temp-initial-block-size-worker=262144"
    "memorysetup-temp-allocator-size-background-worker=32768"
    "memorysetup-temp-allocator-size-job-worker=262144"
    "memorysetup-temp-allocator-size-preload-manager=33554432"
    "memorysetup-temp-allocator-size-nav-mesh-worker=65536"
    "memorysetup-temp-allocator-size-audio-worker=65536"
    "memorysetup-temp-allocator-size-cloud-worker=32768"
    "memorysetup-temp-allocator-size-gi-baking-worker=262144"
    "memorysetup-temp-allocator-size-gfx=262144"
Player connection [25108] Host "[IP] 192.168.1.217 [Port] 0 [Flags] 2 [Guid] 520633564 [EditorId] 520633564 [Version] 1048832 [Id] WindowsEditor(7,Term5) [Debug] 1 [PackageName] WindowsEditor [ProjectName] Editor" joined multi-casting on [225.0.0.222:54997]...

Player connection [25108] Host "[IP] 192.168.1.217 [Port] 0 [Flags] 2 [Guid] 520633564 [EditorId] 520633564 [Version] 1048832 [Id] WindowsEditor(7,Term5) [Debug] 1 [PackageName] WindowsEditor [ProjectName] Editor" joined alternative multi-casting on [225.0.0.222:34997]...

Refreshing native plugins compatible for Editor in 13.12 ms, found 3 plugins.
Preloading 0 native plugins for Editor in 0.00 ms.
Initialize engine version: 2022.3.1f1 (f18e0c1b5784)
[Subsystems] Discovering subsystems at path C:/Program Files/Unity/Hub/Editor/2022.3.1f1/Editor/Data/Resources/UnitySubsystems
[Subsystems] Discovering subsystems at path C:/Projects/Unity Git Projects/Multiplayer-Mobile-Strategy-Game-Case/Multiplayer Mobile Prototype Project/Assets
GfxDevice: creating device client; threaded=0; jobified=0
Direct3D:
    Version:  Direct3D 11.0 [level 11.1]
    Renderer: NVIDIA GeForce RTX 2060 (ID=0x1f03)
    Vendor:   NVIDIA
    VRAM:     12075 MB
    Driver:   31.0.15.3598
Initialize mono
Mono path[0] = 'C:/Program Files/Unity/Hub/Editor/2022.3.1f1/Editor/Data/Managed'
Mono path[1] = 'C:/Program Files/Unity/Hub/Editor/2022.3.1f1/Editor/Data/MonoBleedingEdge/lib/mono/unityjit-win32'
Mono config path = 'C:/Program Files/Unity/Hub/Editor/2022.3.1f1/Editor/Data/MonoBleedingEdge/etc'
Using monoOptions --debugger-agent=transport=dt_socket,embedding=1,server=y,suspend=n,address=127.0.0.1:56204
Begin MonoManager ReloadAssembly
Registering precompiled unity dll's ...
Register platform support module: C:/Program Files/Unity/Hub/Editor/2022.3.1f1/Editor/Data/PlaybackEngines/WebGLSupport/UnityEditor.WebGL.Extensions.dll
Register platform support module: C:/Program Files/Unity/Hub/Editor/2022.3.1f1/Editor/Data/PlaybackEngines/AndroidPlayer/UnityEditor.Android.Extensions.dll
Register platform support module: C:/Program Files/Unity/Hub/Editor/2022.3.1f1/Editor/Data/PlaybackEngines/iOSSupport/UnityEditor.iOS.Extensions.dll
Register platform support module: C:/Program Files/Unity/Hub/Editor/2022.3.1f1/Editor/Data/PlaybackEngines/WindowsStandaloneSupport/UnityEditor.WindowsStandalone.Extensions.dll
Register platform support module: C:/Program Files/Unity/Hub/Editor/2022.3.1f1/Editor/Data/PlaybackEngines/LinuxStandaloneSupport/UnityEditor.LinuxStandalone.Extensions.dll
Registered in 0.017214 seconds.
- Loaded All Assemblies, in  0.506 seconds
Native extension for LinuxStandalone target not found
Native extension for WindowsStandalone target not found
[usbmuxd] Start listen thread
[usbmuxd] Listen thread started
Native extension for iOS target not found
Native extension for Android target not found
Android Extension - Scanning For ADB Devices 364 ms
Native extension for WebGL target not found
Mono: successfully reloaded assembly
- Finished resetting the current domain, in  0.742 seconds
Domain Reload Profiling: 1245ms
	BeginReloadAssembly (128ms)
		ExecutionOrderSort (0ms)
		DisableScriptedObjects (0ms)
		BackupInstance (0ms)
		ReleaseScriptingObjects (0ms)
		CreateAndSetChildDomain (1ms)
	RebuildCommonClasses (49ms)
	RebuildNativeTypeToScriptingClass (16ms)
	initialDomainReloadingComplete (90ms)
	LoadAllAssembliesAndSetupDomain (220ms)
		LoadAssemblies (126ms)
		RebuildTransferFunctionScriptingTraits (0ms)
		AnalyzeDomain (207ms)
			TypeCache.Refresh (206ms)
				TypeCache.ScanAssembly (187ms)
			ScanForSourceGeneratedMonoScriptInfo (0ms)
			ResolveRequiredComponents (1ms)
	FinalizeReload (742ms)
		ReleaseScriptCaches (0ms)
		RebuildScriptCaches (0ms)
		SetupLoadedEditorAssemblies (678ms)
			LogAssemblyErrors (0ms)
			InitializePlatformSupportModulesInManaged (506ms)
			SetLoadedEditorAssemblies (4ms)
			RefreshPlugins (0ms)
			BeforeProcessingInitializeOnLoad (2ms)
			ProcessInitializeOnLoadAttributes (107ms)
			ProcessInitializeOnLoadMethodAttributes (58ms)
			AfterProcessingInitializeOnLoad (0ms)
			EditorAssembliesLoaded (0ms)
		ExecutionOrderSort2 (0ms)
		AwakeInstancesAfterBackupRestoration (0ms)
========================================================================
Worker process is ready to serve import requests
Begin MonoManager ReloadAssembly
Symbol file LoadedFromMemory doesn't match image C:\Projects\Unity Git Projects\Multiplayer-Mobile-Strategy-Game-Case\Multiplayer Mobile Prototype Project\Library\PackageCache\com.unity.visualscripting@1.8.0\Editor\VisualScripting.Core\Dependencies\YamlDotNet\Unity.VisualScripting.YamlDotNet.dll
Symbol file LoadedFromMemory doesn't match image C:\Projects\Unity Git Projects\Multiplayer-Mobile-Strategy-Game-Case\Multiplayer Mobile Prototype Project\Library\PackageCache\com.unity.visualscripting@1.8.0\Editor\VisualScripting.Core\Dependencies\DotNetZip\Unity.VisualScripting.IonicZip.dll
- Loaded All Assemblies, in  0.909 seconds
Refreshing native plugins compatible for Editor in 4.54 ms, found 3 plugins.
Native extension for LinuxStandalone target not found
Native extension for WindowsStandalone target not found
Native extension for iOS target not found
Native extension for Android target not found
Native extension for WebGL target not found
Mono: successfully reloaded assembly
- Finished resetting the current domain, in  0.791 seconds
Domain Reload Profiling: 1697ms
	BeginReloadAssembly (125ms)
		ExecutionOrderSort (0ms)
		DisableScriptedObjects (5ms)
		BackupInstance (0ms)
		ReleaseScriptingObjects (0ms)
		CreateAndSetChildDomain (23ms)
	RebuildCommonClasses (32ms)
	RebuildNativeTypeToScriptingClass (9ms)
	initialDomainReloadingComplete (43ms)
	LoadAllAssembliesAndSetupDomain (696ms)
		LoadAssemblies (376ms)
		RebuildTransferFunctionScriptingTraits (0ms)
		AnalyzeDomain (375ms)
			TypeCache.Refresh (350ms)
				TypeCache.ScanAssembly (332ms)
			ScanForSourceGeneratedMonoScriptInfo (20ms)
			ResolveRequiredComponents (6ms)
	FinalizeReload (792ms)
		ReleaseScriptCaches (0ms)
		RebuildScriptCaches (0ms)
		SetupLoadedEditorAssemblies (624ms)
			LogAssemblyErrors (0ms)
			InitializePlatformSupportModulesInManaged (47ms)
			SetLoadedEditorAssemblies (5ms)
			RefreshPlugins (0ms)
			BeforeProcessingInitializeOnLoad (69ms)
			ProcessInitializeOnLoadAttributes (475ms)
			ProcessInitializeOnLoadMethodAttributes (21ms)
			AfterProcessingInitializeOnLoad (7ms)
			EditorAssembliesLoaded (0ms)
		ExecutionOrderSort2 (0ms)
		AwakeInstancesAfterBackupRestoration (10ms)
Launched and connected shader compiler UnityShaderCompiler.exe after 0.07 seconds
Refreshing native plugins compatible for Editor in 7.13 ms, found 3 plugins.
Preloading 0 native plugins for Editor in 0.00 ms.
Unloading 3348 Unused Serialized files (Serialized files now loaded: 0)
Unloading 39 unused Assets / (60.1 KB). Loaded Objects now: 3848.
Memory consumption went from 153.2 MB to 153.2 MB.
Total: 4.480500 ms (FindLiveObjects: 0.266000 ms CreateObjectMapping: 0.127900 ms MarkObjects: 3.843500 ms  DeleteObjects: 0.241900 ms)

AssetImportParameters requested are different than current active one (requested -> active):
  custom:container-demuxer-ogg: 62fdf1f143b41e24485cea50d1cbac27 -> 
  custom:video-decoder-ogg-theora: a1e56fd34408186e4bbccfd4996cb3dc -> 
  custom:framework-win-MediaFoundation: 216162199b28c13a410421893ffa2e32 -> 
  custom:container-demuxer-webm: 4f35f7cbe854078d1ac9338744f61a02 -> 
  custom:container-muxer-webm: aa71ff27fc2769a1b78a27578f13a17b -> 
  custom:video-decoder-webm-vp8: 9c59270c3fd7afecdb556c50c9e8de78 -> 
  custom:AudioImporter_EditorPlatform: d09bf68614088b80899f8185d706f6e7 -> 
  custom:video-encoder-webm-vp8: eb34c28f22e8b96e1ab97ce403110664 -> 
  custom:audio-decoder-ogg-vorbis: bf7c407c2cedff20999df2af8eb42d56 -> 
  custom:audio-encoder-webm-vorbis: bf7c407c2cedff20999df2af8eb42d56 -> 
========================================================================
Received Import Request.
  Time since last request: 21001.874969 seconds.
  path: Assets/Suntail Village/Prefabs/Nature/Stone_3.prefab
  artifactKey: Guid(937d59206e97dfa4cba48f70895250d7) Importer(815301076,1909f56bfc062723c751e8b465ee728b)
Start importing Assets/Suntail Village/Prefabs/Nature/Stone_3.prefab using Guid(937d59206e97dfa4cba48f70895250d7) Importer(815301076,1909f56bfc062723c751e8b465ee728b)  -> (artifact id: '662a821f7f3cf6c3a4e0e968479efe91') in 0.232033 seconds
Number of updated asset objects reloaded before import = 0
Number of asset objects unloaded after import = 17
========================================================================
Received Import Request.
  Time since last request: 367.482351 seconds.
  path: Assets/Photon/PhotonUnityNetworking/Demos/DemoSlotRacer/Kenney Assets/Stylized city/Models/tree_6.FBX
  artifactKey: Guid(45e438e80c2860545b63beb8d6718edd) Importer(815301076,1909f56bfc062723c751e8b465ee728b)
Start importing Assets/Photon/PhotonUnityNetworking/Demos/DemoSlotRacer/Kenney Assets/Stylized city/Models/tree_6.FBX using Guid(45e438e80c2860545b63beb8d6718edd) Importer(815301076,1909f56bfc062723c751e8b465ee728b)  -> (artifact id: '2bbe514033238a862c98bb7fccaf516a') in 0.109626 seconds
Number of updated asset objects reloaded before import = 0
Number of asset objects unloaded after import = 27
========================================================================
Received Import Request.
  Time since last request: 4.357675 seconds.
  path: Assets/Suntail Village/Audio/Footsteps/Wood/Footstep_Wood_2.wav
  artifactKey: Guid(d0f177050f3466142be61b88fb9de67c) Importer(815301076,1909f56bfc062723c751e8b465ee728b)
Start importing Assets/Suntail Village/Audio/Footsteps/Wood/Footstep_Wood_2.wav using Guid(d0f177050f3466142be61b88fb9de67c) Importer(815301076,1909f56bfc062723c751e8b465ee728b)  -> (artifact id: 'a6e1111d0175dc68f8f2cde2831d0f14') in 0.037553 seconds
Number of updated asset objects reloaded before import = 0
Number of asset objects unloaded after import = 2
========================================================================
Received Import Request.
  Time since last request: 0.000034 seconds.
  path: Assets/Suntail Village/Audio/Footsteps/Wood/Footstep_Wood_3.wav
  artifactKey: Guid(263b8d46578913d4fbb9795eaaa80686) Importer(815301076,1909f56bfc062723c751e8b465ee728b)
Start importing Assets/Suntail Village/Audio/Footsteps/Wood/Footstep_Wood_3.wav using Guid(263b8d46578913d4fbb9795eaaa80686) Importer(815301076,1909f56bfc062723c751e8b465ee728b)  -> (artifact id: '243745c316edb70510be50189f09c600') in 0.019928 seconds
Number of updated asset objects reloaded before import = 0
Number of asset objects unloaded after import = 2
========================================================================
Received Import Request.
  Time since last request: 0.000062 seconds.
  path: Assets/Suntail Village/Audio/Enviroment/Items/Item_Wood_Box_3.wav
  artifactKey: Guid(0675abb3f30918b4f8065db2ab76cbda) Importer(815301076,1909f56bfc062723c751e8b465ee728b)
Start importing Assets/Suntail Village/Audio/Enviroment/Items/Item_Wood_Box_3.wav using Guid(0675abb3f30918b4f8065db2ab76cbda) Importer(815301076,1909f56bfc062723c751e8b465ee728b)  -> (artifact id: '08e42cc646b340e3bc46e104bbb1fcaf') in 0.024735 seconds
Number of updated asset objects reloaded before import = 0
Number of asset objects unloaded after import = 2
========================================================================
Received Import Request.
  Time since last request: 0.000161 seconds.
  path: Assets/Suntail Village/Audio/Enviroment/Items/Item_Wood_Small_1.wav
  artifactKey: Guid(dc02db6883611fb4293c671ac076f043) Importer(815301076,1909f56bfc062723c751e8b465ee728b)
Start importing Assets/Suntail Village/Audio/Enviroment/Items/Item_Wood_Small_1.wav using Guid(dc02db6883611fb4293c671ac076f043) Importer(815301076,1909f56bfc062723c751e8b465ee728b)  -> (artifact id: 'e619db292929b2c74f3ffa4ab5116bbd') in 0.018508 seconds
Number of updated asset objects reloaded before import = 0
Number of asset objects unloaded after import = 2
========================================================================
Received Import Request.
  Time since last request: 0.000082 seconds.
  path: Assets/Suntail Village/Audio/Enviroment/Items/Item_Wood_Box_2.wav
  artifactKey: Guid(aff571ecd7a304046ac465b1b07c0ee9) Importer(815301076,1909f56bfc062723c751e8b465ee728b)
Start importing Assets/Suntail Village/Audio/Enviroment/Items/Item_Wood_Box_2.wav using Guid(aff571ecd7a304046ac465b1b07c0ee9) Importer(815301076,1909f56bfc062723c751e8b465ee728b)  -> (artifact id: '487a8951ef2e32acf778245473e84a75') in 0.019366 seconds
Number of updated asset objects reloaded before import = 0
Number of asset objects unloaded after import = 2
========================================================================
Received Import Request.
  Time since last request: 0.000063 seconds.
  path: Assets/Suntail Village/Audio/Enviroment/Items/Item_Wood_Log_1.wav
  artifactKey: Guid(2039c41a8d6d5564ba65f1059328591f) Importer(815301076,1909f56bfc062723c751e8b465ee728b)
Start importing Assets/Suntail Village/Audio/Enviroment/Items/Item_Wood_Log_1.wav using Guid(2039c41a8d6d5564ba65f1059328591f) Importer(815301076,1909f56bfc062723c751e8b465ee728b)  -> (artifact id: '5b844de16fbe26f68fd88c20720da07e') in 0.015522 seconds
Number of updated asset objects reloaded before import = 0
Number of asset objects unloaded after import = 2
========================================================================
Received Import Request.
  Time since last request: 0.000023 seconds.
  path: Assets/Suntail Village/Audio/Enviroment/Items/Item_Wood_Plate_2.wav
  artifactKey: Guid(01b37e93743f98345be436bd3c1ebfa0) Importer(815301076,1909f56bfc062723c751e8b465ee728b)
Start importing Assets/Suntail Village/Audio/Enviroment/Items/Item_Wood_Plate_2.wav using Guid(01b37e93743f98345be436bd3c1ebfa0) Importer(815301076,1909f56bfc062723c751e8b465ee728b)  -> (artifact id: 'bec9f0face5dc9ccc7e2046a4929c10b') in 0.014887 seconds
Number of updated asset objects reloaded before import = 0
Number of asset objects unloaded after import = 2
========================================================================
Received Import Request.
  Time since last request: 0.000039 seconds.
  path: Assets/Suntail Village/Audio/Enviroment/Items/Item_Wood_Long_1.wav
  artifactKey: Guid(a997087c0ab320143afaecd6502347a6) Importer(815301076,1909f56bfc062723c751e8b465ee728b)
Start importing Assets/Suntail Village/Audio/Enviroment/Items/Item_Wood_Long_1.wav using Guid(a997087c0ab320143afaecd6502347a6) Importer(815301076,1909f56bfc062723c751e8b465ee728b)  -> (artifact id: 'c62ff034ab92dac2b63fb3c05cefd472') in 0.018355 seconds
Number of updated asset objects reloaded before import = 0
Number of asset objects unloaded after import = 2
========================================================================
Received Import Request.
  Time since last request: 0.000163 seconds.
  path: Assets/Suntail Village/Audio/Enviroment/Items/Item_Wood_Plate_3.wav
  artifactKey: Guid(05f97dfc7d475024b9cdd9fae2cc04fe) Importer(815301076,1909f56bfc062723c751e8b465ee728b)
Start importing Assets/Suntail Village/Audio/Enviroment/Items/Item_Wood_Plate_3.wav using Guid(05f97dfc7d475024b9cdd9fae2cc04fe) Importer(815301076,1909f56bfc062723c751e8b465ee728b)  -> (artifact id: '35f545de3404ce395c8eec8f809bd4a5') in 0.014900 seconds
Number of updated asset objects reloaded before import = 0
Number of asset objects unloaded after import = 2
========================================================================
Received Import Request.
  Time since last request: 1.329558 seconds.
  path: Assets/Suntail Village/Audio/Enviroment/Items/Item_Wood_Small_3.wav
  artifactKey: Guid(d9421f8a0db2d9c48b30bef4568b8b91) Importer(815301076,1909f56bfc062723c751e8b465ee728b)
Start importing Assets/Suntail Village/Audio/Enviroment/Items/Item_Wood_Small_3.wav using Guid(d9421f8a0db2d9c48b30bef4568b8b91) Importer(815301076,1909f56bfc062723c751e8b465ee728b)  -> (artifact id: '870e7781024a44682f64fca08e590e05') in 0.030096 seconds
Number of updated asset objects reloaded before import = 0
Number of asset objects unloaded after import = 2
========================================================================
Received Import Request.
  Time since last request: 0.000092 seconds.
  path: Assets/Suntail Village/Textures/Building Modules/Wood_1_AlbedoSmoothness.png
  artifactKey: Guid(1b26863b8cc2d61459d77919fbe3ad9d) Importer(815301076,1909f56bfc062723c751e8b465ee728b)
Start importing Assets/Suntail Village/Textures/Building Modules/Wood_1_AlbedoSmoothness.png using Guid(1b26863b8cc2d61459d77919fbe3ad9d) Importer(815301076,1909f56bfc062723c751e8b465ee728b)  -> (artifact id: 'a51e612b6d984c025d2bb012d4bf32dd') in 0.054276 seconds
Number of updated asset objects reloaded before import = 0
Number of asset objects unloaded after import = 2
========================================================================
Received Import Request.
  Time since last request: 0.000034 seconds.
  path: Assets/Suntail Village/Textures/Building Modules/Wood_2_AlbedoSmoothness.png
  artifactKey: Guid(6b2d834576a353d47a50701232a29c89) Importer(815301076,1909f56bfc062723c751e8b465ee728b)
Start importing Assets/Suntail Village/Textures/Building Modules/Wood_2_AlbedoSmoothness.png using Guid(6b2d834576a353d47a50701232a29c89) Importer(815301076,1909f56bfc062723c751e8b465ee728b)  -> (artifact id: 'bbecc181050f5d633a9c93d7afc845e1') in 0.027148 seconds
Number of updated asset objects reloaded before import = 0
Number of asset objects unloaded after import = 2
========================================================================
Received Import Request.
  Time since last request: 0.000024 seconds.
  path: Assets/Suntail Village/Prefabs/Building Modules/Decor/Wooden_Canopy_1.prefab
  artifactKey: Guid(44446ebd2f21ad34d8e96eb2454f4293) Importer(815301076,1909f56bfc062723c751e8b465ee728b)
Start importing Assets/Suntail Village/Prefabs/Building Modules/Decor/Wooden_Canopy_1.prefab using Guid(44446ebd2f21ad34d8e96eb2454f4293) Importer(815301076,1909f56bfc062723c751e8b465ee728b)  -> (artifact id: '9324f89cca13382cbb45ea67b244dcf2') in 0.181273 seconds
Number of updated asset objects reloaded before import = 0
Number of asset objects unloaded after import = 17
========================================================================
Received Import Request.
  Time since last request: 0.000034 seconds.
  path: Assets/Suntail Village/Models/Building Modules/Decor/Wooden_Canopy_1.fbx
  artifactKey: Guid(8ca5944072324e74dba4dced6659a8d4) Importer(815301076,1909f56bfc062723c751e8b465ee728b)
Start importing Assets/Suntail Village/Models/Building Modules/Decor/Wooden_Canopy_1.fbx using Guid(8ca5944072324e74dba4dced6659a8d4) Importer(815301076,1909f56bfc062723c751e8b465ee728b)  -> (artifact id: '7301bd3fb793561173a724d5eb5f47ff') in 0.039030 seconds
Number of updated asset objects reloaded before import = 0
Number of asset objects unloaded after import = 12
========================================================================
Received Import Request.
  Time since last request: 0.146322 seconds.
  path: Assets/Suntail Village/Models/Building Modules/Doors And Windows/Wooden_Door_1_W.fbx
  artifactKey: Guid(519d033269a50b441b96c4eb05b48fb7) Importer(815301076,1909f56bfc062723c751e8b465ee728b)
Start importing Assets/Suntail Village/Models/Building Modules/Doors And Windows/Wooden_Door_1_W.fbx using Guid(519d033269a50b441b96c4eb05b48fb7) Importer(815301076,1909f56bfc062723c751e8b465ee728b)  -> (artifact id: '3787b7ddedc59b737707f0f54a4f1efc') in 0.053450 seconds
Number of updated asset objects reloaded before import = 0
Number of asset objects unloaded after import = 17
========================================================================
Received Import Request.
  Time since last request: 0.035983 seconds.
  path: Assets/Suntail Village/Materials/Building Modules/Wooden_Planks.mat
  artifactKey: Guid(349989e9a8faf8c49b48c24a72e664b5) Importer(815301076,1909f56bfc062723c751e8b465ee728b)
Start importing Assets/Suntail Village/Materials/Building Modules/Wooden_Planks.mat using Guid(349989e9a8faf8c49b48c24a72e664b5) Importer(815301076,1909f56bfc062723c751e8b465ee728b)  -> (artifact id: 'fa76c72238d9fee687d509733cf23bd7') in 0.051333 seconds
Number of updated asset objects reloaded before import = 0
Number of asset objects unloaded after import = 3
========================================================================
Received Import Request.
  Time since last request: 0.032995 seconds.
  path: Assets/Suntail Village/Models/Building Modules/Stairs/Wooden_Platform.fbx
  artifactKey: Guid(4f7a3472ea99b34428a9904bcdbb4f9a) Importer(815301076,1909f56bfc062723c751e8b465ee728b)
Start importing Assets/Suntail Village/Models/Building Modules/Stairs/Wooden_Platform.fbx using Guid(4f7a3472ea99b34428a9904bcdbb4f9a) Importer(815301076,1909f56bfc062723c751e8b465ee728b)  -> (artifact id: '329dfae0bd08e6e3637facfd16616b34') in 0.035664 seconds
Number of updated asset objects reloaded before import = 0
Number of asset objects unloaded after import = 12
========================================================================
Received Import Request.
  Time since last request: 0.565311 seconds.
  path: Assets/Suntail Village/Models/Building Modules/Stairs/Wooden_Platform_Cover.fbx
  artifactKey: Guid(8496262716220be4bafddeda9617b5b2) Importer(815301076,1909f56bfc062723c751e8b465ee728b)
Start importing Assets/Suntail Village/Models/Building Modules/Stairs/Wooden_Platform_Cover.fbx using Guid(8496262716220be4bafddeda9617b5b2) Importer(815301076,1909f56bfc062723c751e8b465ee728b)  -> (artifact id: 'f8d98930f78487e2cce4cc60cc2391be') in 0.049364 seconds
Number of updated asset objects reloaded before import = 0
Number of asset objects unloaded after import = 12
========================================================================
Received Import Request.
  Time since last request: 0.112905 seconds.
  path: Assets/Suntail Village/Prefabs/Building Modules/Stairs/Wooden_Railings_2.prefab
  artifactKey: Guid(5052b66455fb2c44a8c376bb471eb910) Importer(815301076,1909f56bfc062723c751e8b465ee728b)
Start importing Assets/Suntail Village/Prefabs/Building Modules/Stairs/Wooden_Railings_2.prefab using Guid(5052b66455fb2c44a8c376bb471eb910) Importer(815301076,1909f56bfc062723c751e8b465ee728b)  -> (artifact id: '451a58fc4dc589abd1e48475dbba8d47') in 0.035119 seconds
Number of updated asset objects reloaded before import = 0
Number of asset objects unloaded after import = 17
========================================================================
Received Import Request.
  Time since last request: 0.034729 seconds.
  path: Assets/Suntail Village/Prefabs/Building Modules/Stairs/Wooden_Railings_3.prefab
  artifactKey: Guid(7a9a3935f5c5ab9499dd2a2ce8335780) Importer(815301076,1909f56bfc062723c751e8b465ee728b)
Start importing Assets/Suntail Village/Prefabs/Building Modules/Stairs/Wooden_Railings_3.prefab using Guid(7a9a3935f5c5ab9499dd2a2ce8335780) Importer(815301076,1909f56bfc062723c751e8b465ee728b)  -> (artifact id: 'f7cbd6eb1494ad47a0c90a76fe0e356b') in 0.029991 seconds
Number of updated asset objects reloaded before import = 0
Number of asset objects unloaded after import = 17
========================================================================
Received Import Request.
  Time since last request: 0.485469 seconds.
  path: Assets/Suntail Village/Prefabs/Building Modules/Stairs/Wooden_Stairs_2.prefab
  artifactKey: Guid(744d8174c51f10243b59f3477dd03913) Importer(815301076,1909f56bfc062723c751e8b465ee728b)
Start importing Assets/Suntail Village/Prefabs/Building Modules/Stairs/Wooden_Stairs_2.prefab using Guid(744d8174c51f10243b59f3477dd03913) Importer(815301076,1909f56bfc062723c751e8b465ee728b)  -> (artifact id: 'f161245bcc9c81c5d9959649409ff354') in 0.032104 seconds
Number of updated asset objects reloaded before import = 0
Number of asset objects unloaded after import = 17
Editor requested this worker to shutdown with reason: Scaling down because of idle timeout
TcpMessagingSession - receive error: operation aborted. errorcode: 995, details: The I/O operation has been aborted because of either a thread exit or an application request.
AssetImportWorker is now disconnected from the server
Process exiting
Exiting without the bug reporter. Application will terminate with return code 0